<?xml version="1.0" encoding="UTF-8"?>
<testsuite xmlns:xsi="http://www.w3.org/2001/XMLSchema-instance" xsi:noNamespaceSchemaLocation="https://maven.apache.org/surefire/maven-surefire-plugin/xsd/surefire-test-report-3.0.xsd" version="3.0" name="soccer.SoccerTest" time="0.093" tests="4" errors="0" skipped="0" failures="0">
  <properties>
[...]
</properties>
  <testcase name="testWinLossUpdates" classname="soccer.SoccerTest" time="0.052"/>
  <testcase name="testDrawUpdates" classname="soccer.SoccerTest" time="0.001"/>
  <testcase name="testStandings" classname="soccer.SoccerTest" time="0.003"/>
  <testcase name="testMatchResultForHomeTeam" classname="soccer.SoccerTest" time="0.002"/>
</testsuite>